0 info it worked if it ends with ok
1 verbose cli [ 'C:\\Program Files\\nodejs\\\\node.exe',
1 verbose cli   'C:\\Program Files\\nodejs\\node_modules\\npm\\bin\\npm-cli.js',
1 verbose cli   'publish' ]
2 info using npm@1.4.28
3 info using node@v0.10.32
4 verbose node symlink C:\Program Files\nodejs\\node.exe
5 verbose publish [ '.' ]
6 verbose cache add [ '.', null ]
7 verbose cache add name=undefined spec="." args=[".",null]
8 verbose parsed url { protocol: null,
8 verbose parsed url   slashes: null,
8 verbose parsed url   auth: null,
8 verbose parsed url   host: null,
8 verbose parsed url   port: null,
8 verbose parsed url   hostname: null,
8 verbose parsed url   hash: null,
8 verbose parsed url   search: null,
8 verbose parsed url   query: null,
8 verbose parsed url   pathname: '.',
8 verbose parsed url   path: '.',
8 verbose parsed url   href: '.' }
9 silly lockFile 3a52ce78- .
10 verbose lock . C:\Users\IBM_ADMIN\AppData\Roaming\npm-cache\3a52ce78-.lock
11 verbose tar pack [ 'C:\\Users\\IBM_ADMIN\\AppData\\Roaming\\npm-cache\\ibm_bluepages\\1.0.6\\package.tgz',
11 verbose tar pack   '.' ]
12 verbose tarball C:\Users\IBM_ADMIN\AppData\Roaming\npm-cache\ibm_bluepages\1.0.6\package.tgz
13 verbose folder .
14 info prepublish ibm_bluepages@1.0.6
15 silly lockFile 1f1177db-tar tar://.
16 verbose lock tar://. C:\Users\IBM_ADMIN\AppData\Roaming\npm-cache\1f1177db-tar.lock
17 silly lockFile 3794732c--ibm-bluepages-1-0-6-package-tgz tar://C:\Users\IBM_ADMIN\AppData\Roaming\npm-cache\ibm_bluepages\1.0.6\package.tgz
18 verbose lock tar://C:\Users\IBM_ADMIN\AppData\Roaming\npm-cache\ibm_bluepages\1.0.6\package.tgz C:\Users\IBM_ADMIN\AppData\Roaming\npm-cache\3794732c--ibm-bluepages-1-0-6-package-tgz.lock
19 silly lockFile 1f1177db-tar tar://.
20 silly lockFile 1f1177db-tar tar://.
21 silly lockFile 3794732c--ibm-bluepages-1-0-6-package-tgz tar://C:\Users\IBM_ADMIN\AppData\Roaming\npm-cache\ibm_bluepages\1.0.6\package.tgz
22 silly lockFile 3794732c--ibm-bluepages-1-0-6-package-tgz tar://C:\Users\IBM_ADMIN\AppData\Roaming\npm-cache\ibm_bluepages\1.0.6\package.tgz
23 silly lockFile 56426444-ache-ibm-bluepages-1-0-6-package C:\Users\IBM_ADMIN\AppData\Roaming\npm-cache\ibm_bluepages\1.0.6\package
24 verbose lock C:\Users\IBM_ADMIN\AppData\Roaming\npm-cache\ibm_bluepages\1.0.6\package C:\Users\IBM_ADMIN\AppData\Roaming\npm-cache\56426444-ache-ibm-bluepages-1-0-6-package.lock
25 silly lockFile 56426444-ache-ibm-bluepages-1-0-6-package C:\Users\IBM_ADMIN\AppData\Roaming\npm-cache\ibm_bluepages\1.0.6\package
26 silly lockFile 56426444-ache-ibm-bluepages-1-0-6-package C:\Users\IBM_ADMIN\AppData\Roaming\npm-cache\ibm_bluepages\1.0.6\package
27 silly lockFile 3a52ce78- .
28 silly lockFile 3a52ce78- .
29 silly publish { name: 'ibm_bluepages',
29 silly publish   version: '1.0.6',
29 silly publish   description: 'Function List: \r 1. getNameByIntranetID(intranetID, callback)\r Description: To Get the name by the intranet ID.\r The parameter is intranetID(e.g: guojial@cn.ibm.com)',
29 silly publish   main: 'bluepages.js',
29 silly publish   dependencies:
29 silly publish    { colors: '^1.1.2',
29 silly publish      ldapjs: '^1.0.0',
29 silly publish      xmldom: '^0.1.19',
29 silly publish      'xpath.js': '^1.0.6',
29 silly publish      nodegrass: '^0.0.3' },
29 silly publish   devDependencies: {},
29 silly publish   scripts: { test: 'echo "Error: no test specified" && exit 1' },
29 silly publish   keywords: [ 'ibm', 'bluepages' ],
29 silly publish   author: { name: 'Thomas Guo' },
29 silly publish   license: '1.0',
29 silly publish   readme: 'Function List: \r\n1. getNameByIntranetID(intranetID, callback)\r\nDescription: To Get the name by the intranet ID.\r\nThe parameter is intranetID(e.g: guojial@cn.ibm.com)\r\n\r\n2. authenticate(intranetId, password, callback)\r\nDescription: To authenticate the person whether exists in the bluezone.\r\nThe first parameter is intranetId(e.g: guojial@cn.ibm.com), The second parameter is password',
29 silly publish   readmeFilename: 'readme.txt',
29 silly publish   _id: 'ibm_bluepages@1.0.6',
29 silly publish   _shasum: '7da043dada88decab9ce7a23900dadaf5b7a54ba',
29 silly publish   _from: '.' }
30 verbose request where is /ibm_bluepages
31 verbose request registry http://registry.npmjs.org/
32 verbose request id 63f352006679b5c7
33 verbose url raw /ibm_bluepages
34 verbose url resolving [ 'http://registry.npmjs.org/', './ibm_bluepages' ]
35 verbose url resolved http://registry.npmjs.org/ibm_bluepages
36 verbose request where is http://registry.npmjs.org/ibm_bluepages
37 info trying registry request attempt 1 at 22:40:36
38 http PUT http://registry.npmjs.org/ibm_bluepages
39 http 403 http://registry.npmjs.org/ibm_bluepages
40 verbose headers { 'content-type': 'application/json',
40 verbose headers   'cache-control': 'max-age=300',
40 verbose headers   'content-length': '95',
40 verbose headers   'accept-ranges': 'bytes',
40 verbose headers   date: 'Thu, 28 Jan 2016 14:40:40 GMT',
40 verbose headers   via: '1.1 varnish',
40 verbose headers   connection: 'keep-alive',
40 verbose headers   'x-served-by': 'cache-ord1727-ORD',
40 verbose headers   'x-cache': 'MISS',
40 verbose headers   'x-cache-hits': '0',
40 verbose headers   'x-timer': 'S1453992037.923794,VS0,VE2423' }
41 error publish Failed PUT 403
42 error Error: "You cannot publish over the previously published version 1.0.6." : ibm_bluepages
42 error     at RegClient.<anonymous> (C:\Program Files\nodejs\node_modules\npm\node_modules\npm-registry-client\lib\request.js:308:14)
42 error     at Request._callback (C:\Program Files\nodejs\node_modules\npm\node_modules\npm-registry-client\lib\request.js:246:65)
42 error     at Request.self.callback (C:\Program Files\nodejs\node_modules\npm\node_modules\request\request.js:236:22)
42 error     at Request.emit (events.js:98:17)
42 error     at Request.<anonymous> (C:\Program Files\nodejs\node_modules\npm\node_modules\request\request.js:1142:14)
42 error     at Request.emit (events.js:117:20)
42 error     at IncomingMessage.<anonymous> (C:\Program Files\nodejs\node_modules\npm\node_modules\request\request.js:1096:12)
42 error     at IncomingMessage.emit (events.js:117:20)
42 error     at _stream_readable.js:943:16
42 error     at process._tickCallback (node.js:419:13)
43 error If you need help, you may report this *entire* log,
43 error including the npm and node versions, at:
43 error     <http://github.com/npm/npm/issues>
44 error System Windows_NT 6.1.7601
45 error command "C:\\Program Files\\nodejs\\\\node.exe" "C:\\Program Files\\nodejs\\node_modules\\npm\\bin\\npm-cli.js" "publish"
46 error cwd C:\workspace_node\project\ibm_bluepages
47 error node -v v0.10.32
48 error npm -v 1.4.28
49 verbose exit [ 1, true ]
